0 info it worked if it ends with ok
1 verbose cli [ 'C:\\Program Files (x86)\\nodejs\\\\node.exe',
1 verbose cli   'C:\\Program Files (x86)\\nodejs\\node_modules\\npm\\bin\\npm-cli.js',
1 verbose cli   'install',
1 verbose cli   '--save-dev',
1 verbose cli   'guard-livereload' ]
2 info using npm@2.10.1
3 info using node@v0.12.4
4 verbose install initial load of C:\Users\dricardo1\Documents\GitHub\Power_Design_Project\package.json
5 verbose installManyTop reading scoped package data from C:\Users\dricardo1\Documents\GitHub\Power_Design_Project\node_modules\gulp\package.json
6 verbose installManyTop reading scoped package data from C:\Users\dricardo1\Documents\GitHub\Power_Design_Project\node_modules\gulp-clean\package.json
7 verbose installManyTop reading scoped package data from C:\Users\dricardo1\Documents\GitHub\Power_Design_Project\node_modules\gulp-concat\package.json
8 verbose installManyTop reading scoped package data from C:\Users\dricardo1\Documents\GitHub\Power_Design_Project\node_modules\gulp-imagemin\package.json
9 verbose installManyTop reading scoped package data from C:\Users\dricardo1\Documents\GitHub\Power_Design_Project\node_modules\gulp-jshint\package.json
10 verbose installManyTop reading scoped package data from C:\Users\dricardo1\Documents\GitHub\Power_Design_Project\node_modules\gulp-livereload\package.json
11 verbose installManyTop reading scoped package data from C:\Users\dricardo1\Documents\GitHub\Power_Design_Project\node_modules\gulp-rimraf\package.json
12 verbose installManyTop reading scoped package data from C:\Users\dricardo1\Documents\GitHub\Power_Design_Project\node_modules\gulp-uglify\package.json
13 info package.json gulp-concat@2.5.2 No license field.
14 info package.json gulp-clean@0.3.1 No license field.
15 info package.json gulp-rimraf@0.1.1 No license field.
16 verbose readDependencies loading dependencies from C:\Users\dricardo1\Documents\GitHub\Power_Design_Project\package.json
17 silly cache add args [ 'guard-livereload', null ]
18 verbose cache add spec guard-livereload
19 silly cache add parsed spec { raw: 'guard-livereload',
19 silly cache add   scope: null,
19 silly cache add   name: 'guard-livereload',
19 silly cache add   rawSpec: '',
19 silly cache add   spec: '*',
19 silly cache add   type: 'range' }
20 silly addNamed guard-livereload@*
21 verbose addNamed "*" is a valid semver range for guard-livereload
22 silly addNameRange { name: 'guard-livereload', range: '*', hasData: false }
23 silly mapToRegistry name guard-livereload
24 silly mapToRegistry using default registry
25 silly mapToRegistry registry https://registry.npmjs.org/
26 silly mapToRegistry uri https://registry.npmjs.org/guard-livereload
27 verbose addNameRange registry:https://registry.npmjs.org/guard-livereload not in flight; fetching
28 verbose request uri https://registry.npmjs.org/guard-livereload
29 verbose request no auth needed
30 info attempt registry request try #1 at 7:06:30 PM
31 verbose request id c2a6f57629953b38
32 http request GET https://registry.npmjs.org/guard-livereload
33 http 404 https://registry.npmjs.org/guard-livereload
34 verbose headers { server: 'CouchDB/1.5.0 (Erlang OTP/R16B03)',
34 verbose headers   'content-type': 'application/json',
34 verbose headers   'cache-control': 'max-age=0',
34 verbose headers   'content-length': '51',
34 verbose headers   'accept-ranges': 'bytes',
34 verbose headers   date: 'Wed, 17 Jun 2015 23:06:31 GMT',
34 verbose headers   via: '1.1 varnish',
34 verbose headers   age: '0',
34 verbose headers   connection: 'keep-alive',
34 verbose headers   'x-served-by': 'cache-ord1720-ORD',
34 verbose headers   'x-cache': 'MISS',
34 verbose headers   'x-cache-hits': '0',
34 verbose headers   'x-timer': 'S1434582391.295161,VS0,VE308' }
35 silly get cb [ 404,
35 silly get   { server: 'CouchDB/1.5.0 (Erlang OTP/R16B03)',
35 silly get     'content-type': 'application/json',
35 silly get     'cache-control': 'max-age=0',
35 silly get     'content-length': '51',
35 silly get     'accept-ranges': 'bytes',
35 silly get     date: 'Wed, 17 Jun 2015 23:06:31 GMT',
35 silly get     via: '1.1 varnish',
35 silly get     age: '0',
35 silly get     connection: 'keep-alive',
35 silly get     'x-served-by': 'cache-ord1720-ORD',
35 silly get     'x-cache': 'MISS',
35 silly get     'x-cache-hits': '0',
35 silly get     'x-timer': 'S1434582391.295161,VS0,VE308' } ]
36 verbose stack Error: 404 Not Found: guard-livereload
36 verbose stack     at CachingRegistryClient.<anonymous> (C:\Program Files (x86)\nodejs\node_modules\npm\node_modules\npm-registry-client\lib\request.js:245:14)
36 verbose stack     at Request._callback (C:\Program Files (x86)\nodejs\node_modules\npm\node_modules\npm-registry-client\lib\request.js:170:14)
36 verbose stack     at Request.self.callback (C:\Program Files (x86)\nodejs\node_modules\npm\node_modules\request\request.js:368:22)
36 verbose stack     at Request.emit (events.js:110:17)
36 verbose stack     at Request.<anonymous> (C:\Program Files (x86)\nodejs\node_modules\npm\node_modules\request\request.js:1219:14)
36 verbose stack     at Request.emit (events.js:129:20)
36 verbose stack     at IncomingMessage.<anonymous> (C:\Program Files (x86)\nodejs\node_modules\npm\node_modules\request\request.js:1167:12)
36 verbose stack     at IncomingMessage.emit (events.js:129:20)
36 verbose stack     at _stream_readable.js:908:16
36 verbose stack     at process._tickCallback (node.js:355:11)
37 verbose statusCode 404
38 verbose pkgid guard-livereload
39 verbose cwd C:\Users\dricardo1\Documents\GitHub\Power_Design_Project
40 error Windows_NT 6.3.9600
41 error argv "C:\\Program Files (x86)\\nodejs\\\\node.exe" "C:\\Program Files (x86)\\nodejs\\node_modules\\npm\\bin\\npm-cli.js" "install" "--save-dev" "guard-livereload"
42 error node v0.12.4
43 error npm  v2.10.1
44 error code E404
45 error 404 Not Found: guard-livereload
45 error 404
45 error 404 'guard-livereload' is not in the npm registry.
45 error 404 You should bug the author to publish it (or use the name yourself!)
45 error 404 It was specified as a dependency of 'power_design_project'
45 error 404
45 error 404 Note that you can also install from a
45 error 404 tarball, folder, http url, or git url.
46 verbose exit [ 1, true ]
